Flow report for AP9
Sat Jun 28 01:02:58 2025
Quartus Prime Version 24.1std.0 Build 1077 03/04/2025 SC Lite Edition


---------------------
; Table of Contents ;
---------------------
  1. Legal Notice
  2. Flow Summary
  3. Flow Settings
  4. Flow Non-Default Global Settings
  5. Flow Elapsed Time
  6. Flow OS Summary
  7. Flow Log
  8. Flow Messages
  9. Flow Suppressed Messages



----------------
; Legal Notice ;
----------------
Copyright (C) 2025  Altera Corporation. All rights reserved.
Your use of Altera Corporation's design tools, logic functions 
and other software and tools, and any partner logic 
functions, and any output files from any of the foregoing 
(including device programming or simulation files), and any 
associated documentation or information are expressly subject 
to the terms and conditions of the Altera Program License 
Subscription Agreement, the Altera Quartus Prime License Agreement,
the Altera IP License Agreement, or other applicable license
agreement, including, without limitation, that your use is for
the sole purpose of programming logic devices manufactured by
Altera and sold by Altera or its authorized distributors.  Please
refer to the Altera Software License Subscription Agreements 
on the Quartus Prime software download page.



+-----------------------------------------------------------------------------------+
; Flow Summary                                                                      ;
+---------------------------------+-------------------------------------------------+
; Flow Status                     ; Successful - Sat Jun 28 01:02:58 2025           ;
; Quartus Prime Version           ; 24.1std.0 Build 1077 03/04/2025 SC Lite Edition ;
; Revision Name                   ; AP9                                             ;
; Top-level Entity Name           ; AP9                                             ;
; Family                          ; Cyclone V                                       ;
; Device                          ; 5CEBA4F23C7                                     ;
; Timing Models                   ; Final                                           ;
; Logic utilization (in ALMs)     ; 1,580 / 18,480 ( 9 % )                          ;
; Total registers                 ; 681                                             ;
; Total pins                      ; 30 / 224 ( 13 % )                               ;
; Total virtual pins              ; 0                                               ;
; Total block memory bits         ; 946,176 / 3,153,920 ( 30 % )                    ;
; Total DSP Blocks                ; 1 / 66 ( 2 % )                                  ;
; Total HSSI RX PCSs              ; 0                                               ;
; Total HSSI PMA RX Deserializers ; 0                                               ;
; Total HSSI TX PCSs              ; 0                                               ;
; Total HSSI PMA TX Serializers   ; 0                                               ;
; Total PLLs                      ; 0 / 4 ( 0 % )                                   ;
; Total DLLs                      ; 0 / 4 ( 0 % )                                   ;
+---------------------------------+-------------------------------------------------+


+-----------------------------------------+
; Flow Settings                           ;
+-------------------+---------------------+
; Option            ; Setting             ;
+-------------------+---------------------+
; Start date & time ; 06/27/2025 20:31:42 ;
; Main task         ; Compilation         ;
; Revision Name     ; AP9                 ;
+-------------------+---------------------+


+-------------------------------------------------------------------------------------------------------------------------+
; Flow Non-Default Global Settings                                                                                        ;
+-------------------------------------+----------------------------------------+---------------+-------------+------------+
; Assignment Name                     ; Value                                  ; Default Value ; Entity Name ; Section Id ;
+-------------------------------------+----------------------------------------+---------------+-------------+------------+
; BLOCK_DESIGN_NAMING                 ; QuartusII                              ; Auto          ; --          ; --         ;
; COMPILER_SIGNATURE_ID               ; 125701350113619.175106710206888        ; --            ; --          ; --         ;
; MAX_CORE_JUNCTION_TEMP              ; 85                                     ; --            ; --          ; --         ;
; MIN_CORE_JUNCTION_TEMP              ; 0                                      ; --            ; --          ; --         ;
; MISC_FILE                           ; lpm_rom0.bsf                           ; --            ; --          ; --         ;
; MISC_FILE                           ; lpm_rom0.cmp                           ; --            ; --          ; --         ;
; MISC_FILE                           ; RAM.bsf                                ; --            ; --          ; --         ;
; MISC_FILE                           ; RAM.cmp                                ; --            ; --          ; --         ;
; PARTITION_COLOR                     ; -- (Not supported for targeted family) ; --            ; --          ; Top        ;
; PARTITION_FITTER_PRESERVATION_LEVEL ; -- (Not supported for targeted family) ; --            ; --          ; Top        ;
; PARTITION_NETLIST_TYPE              ; -- (Not supported for targeted family) ; --            ; --          ; Top        ;
; POWER_BOARD_THERMAL_MODEL           ; None (CONSERVATIVE)                    ; --            ; --          ; --         ;
; POWER_PRESET_COOLING_SOLUTION       ; 23 MM HEAT SINK WITH 200 LFPM AIRFLOW  ; --            ; --          ; --         ;
; SMART_RECOMPILE                     ; On                                     ; Off           ; --          ; --         ;
; SYNTH_TIMING_DRIVEN_SYNTHESIS       ; Off                                    ; On            ; --          ; --         ;
+-------------------------------------+----------------------------------------+---------------+-------------+------------+


+--------------------------------------------------------------------------------------------------------------------------+
; Flow Elapsed Time                                                                                                        ;
+----------------------+--------------+-------------------------+---------------------+------------------------------------+
; Module Name          ; Elapsed Time ; Average Processors Used ; Peak Virtual Memory ; Total CPU Time (on all processors) ;
+----------------------+--------------+-------------------------+---------------------+------------------------------------+
; Analysis & Synthesis ; 00:00:14     ; 1.0                     ; 5001 MB             ; 00:00:20                           ;
; Fitter               ; 00:05:49     ; 1.1                     ; 6828 MB             ; 00:19:34                           ;
; Assembler            ; 00:00:03     ; 1.0                     ; 5019 MB             ; 00:00:03                           ;
; Timing Analyzer      ; 00:00:08     ; 2.7                     ; 5391 MB             ; 00:00:19                           ;
; MIF/HEX Update       ; 00:00:04     ; 1.0                     ; 4899 MB             ; 00:00:04                           ;
; Assembler            ; 00:00:03     ; 1.0                     ; 5019 MB             ; 00:00:03                           ;
; MIF/HEX Update       ; 00:00:04     ; 1.0                     ; 4898 MB             ; 00:00:04                           ;
; Assembler            ; 00:00:04     ; 1.0                     ; 5019 MB             ; 00:00:03                           ;
; MIF/HEX Update       ; 00:00:04     ; 1.0                     ; 4898 MB             ; 00:00:04                           ;
; Assembler            ; 00:00:03     ; 1.0                     ; 5019 MB             ; 00:00:03                           ;
; MIF/HEX Update       ; 00:00:06     ; 1.0                     ; 4899 MB             ; 00:00:04                           ;
; Assembler            ; 00:00:04     ; 1.0                     ; 5019 MB             ; 00:00:03                           ;
; Total                ; 00:06:46     ; --                      ; --                  ; 00:20:44                           ;
+----------------------+--------------+-------------------------+---------------------+------------------------------------+


+------------------------------------------------------------------------------------+
; Flow OS Summary                                                                    ;
+----------------------+------------------+------------+------------+----------------+
; Module Name          ; Machine Hostname ; OS Name    ; OS Version ; Processor type ;
+----------------------+------------------+------------+------------+----------------+
; Analysis & Synthesis ; 6-306-11         ; Windows 10 ; 10.0       ; x86_64         ;
; Fitter               ; 6-306-11         ; Windows 10 ; 10.0       ; x86_64         ;
; Assembler            ; 6-306-11         ; Windows 10 ; 10.0       ; x86_64         ;
; Timing Analyzer      ; 6-306-11         ; Windows 10 ; 10.0       ; x86_64         ;
; MIF/HEX Update       ; 6-306-11         ; Windows 10 ; 10.0       ; x86_64         ;
; Assembler            ; 6-306-11         ; Windows 10 ; 10.0       ; x86_64         ;
; MIF/HEX Update       ; 6-306-11         ; Windows 10 ; 10.0       ; x86_64         ;
; Assembler            ; 6-306-11         ; Windows 10 ; 10.0       ; x86_64         ;
; MIF/HEX Update       ; 6-306-11         ; Windows 10 ; 10.0       ; x86_64         ;
; Assembler            ; 6-306-11         ; Windows 10 ; 10.0       ; x86_64         ;
; MIF/HEX Update       ; 6-306-11         ; Windows 10 ; 10.0       ; x86_64         ;
; Assembler            ; 6-306-11         ; Windows 10 ; 10.0       ; x86_64         ;
+----------------------+------------------+------------+------------+----------------+


------------
; Flow Log ;
------------
quartus_map --read_settings_files=on --write_settings_files=off AP9 -c AP9
quartus_fit --read_settings_files=off --write_settings_files=off AP9 -c AP9
quartus_asm --read_settings_files=off --write_settings_files=off AP9 -c AP9
quartus_sta AP9 -c AP9
quartus_cdb AP9 -c AP9 --update_mif
quartus_asm --read_settings_files=on --write_settings_files=off AP9 -c AP9
quartus_cdb AP9 -c AP9 --update_mif
quartus_asm --read_settings_files=on --write_settings_files=off AP9 -c AP9
quartus_cdb AP9 -c AP9 --update_mif
quartus_asm --read_settings_files=on --write_settings_files=off AP9 -c AP9
quartus_cdb AP9 -c AP9 --update_mif
quartus_asm --read_settings_files=on --write_settings_files=off AP9 -c AP9



